[+] Containers:
 |- [+] Container: /Game/VehicleTemplate/Maps/VehicleExampleMap
 |   |- [+] ActorDescs:
 |   |   |- Guid:0DA3C7154B86367189C1D4BD378557A0 BaseClass:/Game/Rings/CheckpointRings/Rings.Rings_C NativeClass:/Script/Engine.Actor Name:Rings_C_UAID_049226578209F3BC01_1152570460 Label:Rings7 SpatiallyLoaded:1 Bounds:IsValid=true, Min=(X=7222.725 Y=8823.008 Z=-500.000), Max=(X=8322.725 Y=9923.008 Z=500.000) RuntimeGrid:None EditorOnly:0 RuntimeOnly:0 HLODRelevant:0 FolderPath:Rings FolderGuid:B3C42CC3463537B7FBF228BF404AD5A6
 |   |   |- Guid:10447CF14D3F597FF6764EA8622D9624 BaseClass:/Game/Rings/CheckpointRings/Rings.Rings_C NativeClass:/Script/Engine.Actor Name:Rings_C_UAID_049226578209F3BC01_2111902465 Label:Rings12 SpatiallyLoaded:1 Bounds:IsValid=true, Min=(X=5334.876 Y=-2188.571 Z=-497.580), Max=(X=6434.876 Y=-1088.571 Z=502.420) RuntimeGrid:None EditorOnly:0 RuntimeOnly:0 HLODRelevant:0 FolderPath:Rings FolderGuid:B3C42CC3463537B7FBF228BF404AD5A6
 |   |   |- Guid:12213F4D403C2723B21FF78B1AD08D2C BaseClass:/Game/Rings/CheckpointRings/Rings.Rings_C NativeClass:/Script/Engine.Actor Name:Rings_C_UAID_049226578209F3BC01_2125257470 Label:Rings17 SpatiallyLoaded:1 Bounds:IsValid=true, Min=(X=-10390.347 Y=-1460.741 Z=-497.535), Max=(X=-9290.347 Y=-360.741 Z=502.465) RuntimeGrid:None EditorOnly:0 RuntimeOnly:0 HLODRelevant:0 FolderPath:Rings FolderGuid:B3C42CC3463537B7FBF228BF404AD5A6
 |   |   |- Guid:171313D0407C3F64D2D4B296EC558C63 BaseClass: NativeClass:/Script/Landscape.LandscapeStreamingProxy Name:LandscapeStreamingProxy_BN55SI9ETKGRY904720BQHPG3_1_1_0_0 Label:LandscapeStreamingProxy_1_0_0 SpatiallyLoaded:1 Bounds:IsValid=true, Min=(X=0.000 Y=-12600.000 Z=-100.000), Max=(X=12600.000 Y=0.000 Z=100.000) RuntimeGrid:None EditorOnly:0 RuntimeOnly:0 HLODRelevant:1
 |   |   |- Guid:1A70909B45F25B4E1AA4D094E018C2E7 BaseClass: NativeClass:/Script/Engine.StaticMeshActor Name:StaticMeshActor_UAID_04922657820993BC01_2046245559 Label:Cylinder SpatiallyLoaded:1 Bounds:IsValid=true, Min=(X=-5300.000 Y=-8370.000 Z=-35.000), Max=(X=-5200.000 Y=-8270.000 Z=615.000) RuntimeGrid:None EditorOnly:0 RuntimeOnly:0 HLODRelevant:1
 |   |   |- Guid:1B9C08E3400E30F4F7522E9A4C9880C6 BaseClass: NativeClass:/Script/Engine.StaticMeshActor Name:StaticMeshActor_0 Label:SM_Cube5 SpatiallyLoaded:1 Bounds:IsValid=true, Min=(X=12500.000 Y=-12600.000 Z=0.000), Max=(X=12600.002 Y=12500.000 Z=300.000) RuntimeGrid:None EditorOnly:0 RuntimeOnly:0 HLODRelevant:1 FolderPath:Landscape FolderGuid:912F765E4714A1DB296369A3E4390900
 |   |   |- Guid:1EF1F3C845A3352E0779939F11AA597A BaseClass:/Game/Rings/CheckpointRings/Rings.Rings_C NativeClass:/Script/Engine.Actor Name:Rings_C_UAID_049226578209F3BC01_1151182459 Label:Rings6 SpatiallyLoaded:1 Bounds:IsValid=true, Min=(X=9782.549 Y=406.464 Z=-500.000), Max=(X=10882.549 Y=1506.464 Z=500.000) RuntimeGrid:None EditorOnly:0 RuntimeOnly:0 HLODRelevant:0 FolderPath:Rings FolderGuid:B3C42CC3463537B7FBF228BF404AD5A6
 |   |   |- Guid:21188B07490D3865E81115A7716F6B45 BaseClass: NativeClass:/Script/Engine.StaticMeshActor Name:StaticMeshActor_4 Label:SM_Cube4 SpatiallyLoaded:1 Bounds:IsValid=true, Min=(X=-12600.000 Y=-12600.001 Z=0.000), Max=(X=12500.000 Y=-12500.000 Z=300.000) RuntimeGrid:None EditorOnly:0 RuntimeOnly:0 HLODRelevant:1 FolderPath:Landscape FolderGuid:912F765E4714A1DB296369A3E4390900
 |   |   |- Guid:25E856F042412E1485596BAE8A5ABA38 BaseClass: NativeClass:/Script/Landscape.LandscapeStreamingProxy Name:LandscapeStreamingProxy_BN55SI9ETKGRY904720BQHPG3_1_0_0_0 Label:LandscapeStreamingProxy_0_0_0 SpatiallyLoaded:1 Bounds:IsValid=true, Min=(X=-12600.000 Y=-12600.000 Z=-100.000), Max=(X=0.000 Y=0.000 Z=100.000) RuntimeGrid:None EditorOnly:0 RuntimeOnly:0 HLODRelevant:1
 |   |   |- Guid:38208D814AFAC8817F336A820DCCB7F8 BaseClass: NativeClass:/Script/Engine.SplineMeshActor Name:SplineMeshActor_UAID_049226578209ECBC01_2023180242 Label:SplineMeshActor SpatiallyLoaded:1 Bounds:IsValid=true, Min=(X=0.000 Y=0.000 Z=0.000), Max=(X=0.000 Y=0.000 Z=0.000) RuntimeGrid:None EditorOnly:0 RuntimeOnly:0 HLODRelevant:0
 |   |   |- Guid:394B422540B841250E13239FD18BF732 BaseClass:/Game/Rings/CheckpointRings/Rings.Rings_C NativeClass:/Script/Engine.Actor Name:Rings_C_UAID_049226578209F3BC01_2089379463 Label:Rings10 SpatiallyLoaded:1 Bounds:IsValid=true, Min=(X=1712.545 Y=3318.063 Z=-497.567), Max=(X=2812.545 Y=4418.063 Z=502.433) RuntimeGrid:None EditorOnly:0 RuntimeOnly:0 HLODRelevant:0 FolderPath:Rings FolderGuid:B3C42CC3463537B7FBF228BF404AD5A6
 |   |   |- Guid:3E985BD4428FB39ACA77C5BE1B856B9B BaseClass:/Game/VehicleTemplate/Blueprints/SportsCar/SportsCar_Pawn.SportsCar_Pawn_C NativeClass:/Script/ChaosVehicles.WheeledVehiclePawn Name:SportsCar_Pawn_C_UAID_04922657820940BD01_2027651007 Label:SportsCar_Pawn SpatiallyLoaded:1 Bounds:IsValid=true, Min=(X=-3537.544 Y=-9888.389 Z=-1501.431), Max=(X=-3066.443 Y=-9627.088 Z=-1365.454) RuntimeGrid:None EditorOnly:0 RuntimeOnly:0 HLODRelevant:0
 |   |   |- Guid:40181411467DBFE9CF7624A51CB11D7F BaseClass:/Game/Rings/CheckpointRings/Rings.Rings_C NativeClass:/Script/Engine.Actor Name:Rings_C_UAID_049226578209F3BC01_1155740462 Label:Rings9 SpatiallyLoaded:1 Bounds:IsValid=true, Min=(X=-3329.044 Y=3338.586 Z=-500.000), Max=(X=-2229.044 Y=4438.586 Z=500.000) RuntimeGrid:None EditorOnly:0 RuntimeOnly:0 HLODRelevant:0 FolderPath:Rings FolderGuid:B3C42CC3463537B7FBF228BF404AD5A6
 |   |   |- Guid:454EB4C24FBCC5CC6F4423B07EF65596 BaseClass:/Game/Rings/CheckpointRings/Rings.Rings_C NativeClass:/Script/Engine.Actor Name:Rings_C_UAID_049226578209EEBC01_1523512597 Label:Rings SpatiallyLoaded:1 Bounds:IsValid=true, Min=(X=-2970.000 Y=-9770.000 Z=-420.000), Max=(X=-1870.000 Y=-8670.000 Z=580.000) RuntimeGrid:None EditorOnly:0 RuntimeOnly:0 HLODRelevant:0 FolderPath:Rings FolderGuid:B3C42CC3463537B7FBF228BF404AD5A6
 |   |   |- Guid:53C7258943CF749528C764B4D5903760 BaseClass: NativeClass:/Script/Engine.StaticMeshActor Name:StaticMeshActor_5 Label:SM_Cube6 SpatiallyLoaded:1 Bounds:IsValid=true, Min=(X=-12500.001 Y=12500.001 Z=0.000), Max=(X=12599.999 Y=12600.003 Z=300.000) RuntimeGrid:None EditorOnly:0 RuntimeOnly:0 HLODRelevant:1 FolderPath:Landscape FolderGuid:912F765E4714A1DB296369A3E4390900
 |   |   |- Guid:540E0C26400CDC715D141389BE6A7BCE BaseClass:/Game/Rings/CheckpointRings/Rings.Rings_C NativeClass:/Script/Engine.Actor Name:Rings_C_UAID_049226578209F3BC01_2121686468 Label:Rings15 SpatiallyLoaded:1 Bounds:IsValid=true, Min=(X=-6684.835 Y=2738.006 Z=-497.563), Max=(X=-5584.835 Y=3838.006 Z=502.437) RuntimeGrid:None EditorOnly:0 RuntimeOnly:0 HLODRelevant:0 FolderPath:Rings FolderGuid:B3C42CC3463537B7FBF228BF404AD5A6
 |   |   |- Guid:5F564C8043A3ECE87AA1108E5D0359B3 BaseClass: NativeClass:/Script/Engine.StaticMeshActor Name:StaticMeshActor_UAID_04922657820993BC01_2067378560 Label:Cylinder2 SpatiallyLoaded:1 Bounds:IsValid=true, Min=(X=-5300.000 Y=-10310.000 Z=-35.000), Max=(X=-5200.000 Y=-10210.000 Z=615.000) RuntimeGrid:None EditorOnly:0 RuntimeOnly:0 HLODRelevant:1
 |   |   |- Guid:6A1C7CE945AD720405A2B8A0CDC31EEA BaseClass: NativeClass:/Script/Engine.WorldDataLayers Name:WorldDataLayers Label:WorldDataLayers-1 SpatiallyLoaded:0 Bounds:IsValid=true, Min=(X=0.000 Y=0.000 Z=0.000), Max=(X=0.000 Y=0.000 Z=0.000) RuntimeGrid:None EditorOnly:0 RuntimeOnly:0 HLODRelevant:0
 |   |   |- Guid:6B337CAD4C563049716FB399D124EC3D BaseClass: NativeClass:/Script/Engine.SkyLight Name:SkyLight_1 Label:SkyLight SpatiallyLoaded:0 Bounds:IsValid=true, Min=(X=-12600.000 Y=-12600.000 Z=590.000), Max=(X=-12600.000 Y=-12600.000 Z=590.000) RuntimeGrid:None EditorOnly:0 RuntimeOnly:0 HLODRelevant:0 FolderPath:Lighting FolderGuid:602030AD4CB26C050EF7B98FCA62FBCA
 |   |   |- Guid:6C62788144E17A979226A4BA49BE9805 BaseClass: NativeClass:/Script/Landscape.LandscapeSplineActor Name:LandscapeSplineActor_0 Label:LandscapeSplineActor SpatiallyLoaded:1 Bounds:IsValid=true, Min=(X=-12285.941 Y=-11292.042 Z=-125.084), Max=(X=12264.775 Y=11401.982 Z=875.049) RuntimeGrid:None EditorOnly:0 RuntimeOnly:0 HLODRelevant:1
 |   |   |- Guid:72FBA45F474AD6B89F11049FCA83748F BaseClass: NativeClass:/Script/Engine.StaticMeshActor Name:StaticMeshActor_UAID_A4AE111137DC5DFB00_1630210247 Label:SM_SkySphere SpatiallyLoaded:1 Bounds:IsValid=true, Min=(X=-1638400.000 Y=-1638400.000 Z=-1638400.000), Max=(X=1638400.000 Y=1638400.000 Z=1638400.000) RuntimeGrid:None EditorOnly:0 RuntimeOnly:0 HLODRelevant:1 FolderPath:Lighting FolderGuid:602030AD4CB26C050EF7B98FCA62FBCA
 |   |   |- Guid:75BFE61C4D4C5239D5608AA5A4934DF5 BaseClass:/Game/Rings/CheckpointRings/Rings.Rings_C NativeClass:/Script/Engine.Actor Name:Rings_C_UAID_049226578209F3BC01_2129397472 Label:Rings19 SpatiallyLoaded:1 Bounds:IsValid=true, Min=(X=-9295.975 Y=-8397.763 Z=-497.489), Max=(X=-8195.975 Y=-7297.763 Z=502.511) RuntimeGrid:None EditorOnly:0 RuntimeOnly:0 HLODRelevant:0 FolderPath:Rings FolderGuid:B3C42CC3463537B7FBF228BF404AD5A6
 |   |   |- Guid:792164FE4D85B78C5D0DE5BE2EE8CD05 BaseClass: NativeClass:/Script/Engine.StaticMeshActor Name:StaticMeshActor_6 Label:SM_Cube7 SpatiallyLoaded:1 Bounds:IsValid=true, Min=(X=-12600.003 Y=-12500.001 Z=0.000), Max=(X=-12500.001 Y=12599.999 Z=300.000) RuntimeGrid:None EditorOnly:0 RuntimeOnly:0 HLODRelevant:1 FolderPath:Landscape FolderGuid:912F765E4714A1DB296369A3E4390900
 |   |   |- Guid:7FBDFB2F440A6F63EF85C096B5711C3C BaseClass:/Game/Rings/CheckpointRings/Rings.Rings_C NativeClass:/Script/Engine.Actor Name:Rings_C_UAID_049226578209F3BC01_2120310467 Label:Rings14 SpatiallyLoaded:1 Bounds:IsValid=true, Min=(X=-4875.524 Y=-2235.831 Z=-497.466), Max=(X=-3775.524 Y=-1135.831 Z=502.534) RuntimeGrid:None EditorOnly:0 RuntimeOnly:0 HLODRelevant:0 FolderPath:Rings FolderGuid:B3C42CC3463537B7FBF228BF404AD5A6
 |   |   |- Guid:84596A014154FD476428F6B16B6E26E3 BaseClass:/Game/Rings/FinishRing/FinishRing.FinishRing_C NativeClass:/Script/Engine.Actor Name:FinishRing_C_UAID_04922657820946BD01_1254299063 Label:FinishRing2 SpatiallyLoaded:1 Bounds:IsValid=true, Min=(X=-7247.292 Y=-9716.579 Z=-447.536), Max=(X=-6147.292 Y=-8616.579 Z=552.464) RuntimeGrid:None EditorOnly:0 RuntimeOnly:0 HLODRelevant:0
 |   |   |- Guid:8C0FA1084325C13D99C659A1CE031414 BaseClass: NativeClass:/Script/Engine.PlayerStart Name:PlayerStart_1 Label:PlayerStart SpatiallyLoaded:0 Bounds:IsValid=true, Min=(X=-5300.000 Y=-9370.000 Z=9.935), Max=(X=-5220.000 Y=-9290.000 Z=101.935) RuntimeGrid:None EditorOnly:0 RuntimeOnly:0 HLODRelevant:0
 |   |   |- Guid:A5D6E6BB46BAC15E6D356990E1F7F480 BaseClass: NativeClass:/Script/Engine.DirectionalLight Name:DirectionalLight_0 Label:DirectionalLight SpatiallyLoaded:0 Bounds:IsValid=true, Min=(X=-4398046511104.000 Y=-4398046511104.000 Z=-4398046511104.000), Max=(X=4398046511104.000 Y=4398046511104.000 Z=4398046511104.000) RuntimeGrid:None EditorOnly:0 RuntimeOnly:0 HLODRelevant:0 FolderPath:Lighting FolderGuid:602030AD4CB26C050EF7B98FCA62FBCA
 |   |   |- Guid:A6ABCCAF4857AE8E40E6228F0FECD123 BaseClass: NativeClass:/Script/Landscape.Landscape Name:Landscape_0 Label:Landscape SpatiallyLoaded:0 Bounds:IsValid=true, Min=(X=-25200.000 Y=-25200.000 Z=0.000), Max=(X=-25200.000 Y=-25200.000 Z=0.000) RuntimeGrid:None EditorOnly:0 RuntimeOnly:0 HLODRelevant:0 FolderPath:Landscape FolderGuid:912F765E4714A1DB296369A3E4390900
 |   |   |- Guid:AB3D653A48C4F01FAA4F39A2698C3518 BaseClass: NativeClass:/Script/Engine.SkyAtmosphere Name:SkyAtmosphere_0 Label:SkyAtmosphere SpatiallyLoaded:0 Bounds:IsValid=true, Min=(X=-12600.000 Y=-12600.000 Z=920.000), Max=(X=-12600.000 Y=-12600.000 Z=920.000) RuntimeGrid:None EditorOnly:0 RuntimeOnly:0 HLODRelevant:0 FolderPath:Lighting FolderGuid:602030AD4CB26C050EF7B98FCA62FBCA
 |   |   |- Guid:ABCE01EC4220EF1752589C88C6E79532 BaseClass:/Game/Rings/FinishRing/FinishRing.FinishRing_C NativeClass:/Script/Engine.Actor Name:FinishRing_C_UAID_049226578209E4BC01_1149447819 Label:FinishRing SpatiallyLoaded:1 Bounds:IsValid=true, Min=(X=-550.000 Y=-550.000 Z=-450.000), Max=(X=550.000 Y=550.000 Z=550.000) RuntimeGrid:None EditorOnly:0 RuntimeOnly:0 HLODRelevant:0
 |   |   |- Guid:B51EA22B4FCF05432B129A99B9870F8E BaseClass:/Game/Rings/CheckpointRings/Rings.Rings_C NativeClass:/Script/Engine.Actor Name:Rings_C_UAID_049226578209F3BC01_1147570458 Label:Rings5 SpatiallyLoaded:1 Bounds:IsValid=true, Min=(X=9649.685 Y=-5951.560 Z=-500.000), Max=(X=10749.685 Y=-4851.560 Z=500.000) RuntimeGrid:None EditorOnly:0 RuntimeOnly:0 HLODRelevant:0 FolderPath:Rings FolderGuid:B3C42CC3463537B7FBF228BF404AD5A6
 |   |   |- Guid:BADB0C4C4CE2AFEBE0E228BE26D71AC6 BaseClass: NativeClass:/Script/Landscape.LandscapeStreamingProxy Name:LandscapeStreamingProxy_BN55SI9ETKGRY904720BQHPG3_1_0_1_0 Label:LandscapeStreamingProxy_0_1_0 SpatiallyLoaded:1 Bounds:IsValid=true, Min=(X=-12600.000 Y=0.000 Z=-100.000), Max=(X=0.000 Y=12600.000 Z=100.000) RuntimeGrid:None EditorOnly:0 RuntimeOnly:0 HLODRelevant:1
 |   |   |- Guid:CA25FC0545BCB151181DECAF62149EA4 BaseClass:/Game/Rings/CheckpointRings/Rings.Rings_C NativeClass:/Script/Engine.Actor Name:Rings_C_UAID_049226578209F3BC01_1143792456 Label:Rings3 SpatiallyLoaded:1 Bounds:IsValid=true, Min=(X=2994.146 Y=-9010.000 Z=-500.000), Max=(X=4094.146 Y=-7910.000 Z=500.000) RuntimeGrid:None EditorOnly:0 RuntimeOnly:0 HLODRelevant:0 FolderPath:Rings FolderGuid:B3C42CC3463537B7FBF228BF404AD5A6
 |   |   |- Guid:CA3C0F6345B2DA9E299ED5BEE611655B BaseClass: NativeClass:/Script/Engine.ExponentialHeightFog Name:ExponentialHeightFog_0 Label:ExponentialHeightFog SpatiallyLoaded:0 Bounds:IsValid=true, Min=(X=-18200.000 Y=-12650.000 Z=-6950.000), Max=(X=-18200.000 Y=-12650.000 Z=-6950.000) RuntimeGrid:None EditorOnly:0 RuntimeOnly:0 HLODRelevant:0 FolderPath:Lighting FolderGuid:602030AD4CB26C050EF7B98FCA62FBCA
 |   |   |- Guid:D5CE1A3946843967B0D1A493A9ED5CF6 BaseClass: NativeClass:/Script/Engine.PostProcessVolume Name:PostProcessVolume_0 Label:PostProcessVolume SpatiallyLoaded:0 Bounds:IsValid=true, Min=(X=-12600.000 Y=-12600.000 Z=300.000), Max=(X=-12400.000 Y=-12400.000 Z=500.000) RuntimeGrid:None EditorOnly:0 RuntimeOnly:0 HLODRelevant:0 FolderPath:Lighting FolderGuid:602030AD4CB26C050EF7B98FCA62FBCA
 |   |   |- Guid:DB51ECF7439E5272D96AEF83EF77B392 BaseClass: NativeClass:/Script/Landscape.LandscapeStreamingProxy Name:LandscapeStreamingProxy_BN55SI9ETKGRY904720BQHPG3_1_1_1_0 Label:LandscapeStreamingProxy_1_1_0 SpatiallyLoaded:1 Bounds:IsValid=true, Min=(X=0.000 Y=0.000 Z=-100.000), Max=(X=12600.000 Y=12600.000 Z=100.000) RuntimeGrid:None EditorOnly:0 RuntimeOnly:0 HLODRelevant:1
 |   |   |- Guid:E05052FD4A5748BF59426A92EB495CE6 BaseClass:/Game/Rings/CheckpointRings/Rings.Rings_C NativeClass:/Script/Engine.Actor Name:Rings_C_UAID_049226578209F3BC01_2107940464 Label:Rings11 SpatiallyLoaded:1 Bounds:IsValid=true, Min=(X=5802.535 Y=2527.317 Z=-497.568), Max=(X=6902.535 Y=3627.317 Z=502.432) RuntimeGrid:None EditorOnly:0 RuntimeOnly:0 HLODRelevant:0 FolderPath:Rings FolderGuid:B3C42CC3463537B7FBF228BF404AD5A6
 |   |   |- Guid:E161EDF84FA593D01A0A1FB4E09F2D98 BaseClass:/Game/Rings/CheckpointRings/Rings.Rings_C NativeClass:/Script/Engine.Actor Name:Rings_C_UAID_049226578209F3BC01_1145473457 Label:Rings4 SpatiallyLoaded:1 Bounds:IsValid=true, Min=(X=6960.085 Y=-9658.402 Z=-500.000), Max=(X=8060.085 Y=-8558.402 Z=500.000) RuntimeGrid:None EditorOnly:0 RuntimeOnly:0 HLODRelevant:0 FolderPath:Rings FolderGuid:B3C42CC3463537B7FBF228BF404AD5A6
 |   |   |- Guid:E5E9015D42ADD0830141F4AB26E45D7C BaseClass:/Game/Rings/CheckpointRings/Rings.Rings_C NativeClass:/Script/Engine.Actor Name:Rings_C_UAID_049226578209F3BC01_2114589466 Label:Rings13 SpatiallyLoaded:1 Bounds:IsValid=true, Min=(X=83.211 Y=-3034.133 Z=-497.569), Max=(X=1183.211 Y=-1934.133 Z=502.431) RuntimeGrid:None EditorOnly:0 RuntimeOnly:0 HLODRelevant:0 FolderPath:Rings FolderGuid:B3C42CC3463537B7FBF228BF404AD5A6
 |   |   |- Guid:E848F465432DFB248E22B9BDDF5D8DC7 BaseClass:/Game/Rings/CheckpointRings/Rings.Rings_C NativeClass:/Script/Engine.Actor Name:Rings_C_UAID_049226578209EEBC01_1544785598 Label:Rings2 SpatiallyLoaded:1 Bounds:IsValid=true, Min=(X=-123.811 Y=-10520.000 Z=-470.000), Max=(X=976.189 Y=-9420.000 Z=530.000) RuntimeGrid:None EditorOnly:0 RuntimeOnly:0 HLODRelevant:0 FolderPath:Rings FolderGuid:B3C42CC3463537B7FBF228BF404AD5A6
 |   |   |- Guid:EB2705AD48D5C384F8E1AD9BD477FDBC BaseClass:/Game/Rings/CheckpointRings/Rings.Rings_C NativeClass:/Script/Engine.Actor Name:Rings_C_UAID_049226578209F3BC01_2123563469 Label:Rings16 SpatiallyLoaded:1 Bounds:IsValid=true, Min=(X=-10210.472 Y=2314.759 Z=-497.562), Max=(X=-9110.472 Y=3414.759 Z=502.438) RuntimeGrid:None EditorOnly:0 RuntimeOnly:0 HLODRelevant:0 FolderPath:Rings FolderGuid:B3C42CC3463537B7FBF228BF404AD5A6
 |   |   |- Guid:EE1E422041E1B7D091B475AB5537394F BaseClass:/Game/Rings/CheckpointRings/Rings.Rings_C NativeClass:/Script/Engine.Actor Name:Rings_C_UAID_049226578209F3BC01_1153970461 Label:Rings8 SpatiallyLoaded:1 Bounds:IsValid=true, Min=(X=-2354.844 Y=8495.946 Z=-500.000), Max=(X=-1254.844 Y=9595.946 Z=500.000) RuntimeGrid:None EditorOnly:0 RuntimeOnly:0 HLODRelevant:0 FolderPath:Rings FolderGuid:B3C42CC3463537B7FBF228BF404AD5A6
 |   |   |- Guid:F1FCCDE2491B768D72FA349E71D0EE8E BaseClass:/Game/Rings/CheckpointRings/Rings.Rings_C NativeClass:/Script/Engine.Actor Name:Rings_C_UAID_049226578209F3BC01_2127110471 Label:Rings18 SpatiallyLoaded:1 Bounds:IsValid=true, Min=(X=-10234.007 Y=-5039.799 Z=-497.497), Max=(X=-9134.007 Y=-3939.799 Z=502.503) RuntimeGrid:None EditorOnly:0 RuntimeOnly:0 HLODRelevant:0 FolderPath:Rings FolderGuid:B3C42CC3463537B7FBF228BF404AD5A6
 |   |   |- Guid:FD06D98F4BDE1A797FF3D0AA6658BD2E BaseClass: NativeClass:/Script/Engine.TextRenderActor Name:TextRenderActor_1 Label:TextRenderActor SpatiallyLoaded:1 Bounds:IsValid=true, Min=(X=-12610.004 Y=-661.458 Z=70.598), Max=(X=-12609.996 Y=661.619 Z=270.598) RuntimeGrid:None EditorOnly:0 RuntimeOnly:0 HLODRelevant:0
 |   |- [+] Clusters:
 |   |   |- [+] [  0]
 |   |   |   |- Guid:8C0FA1084325C13D99C659A1CE031414 BaseClass: NativeClass:/Script/Engine.PlayerStart Name:PlayerStart_1 Label:PlayerStart SpatiallyLoaded:0 Bounds:IsValid=true, Min=(X=-5300.000 Y=-9370.000 Z=9.935), Max=(X=-5220.000 Y=-9290.000 Z=101.935) RuntimeGrid:None EditorOnly:0 RuntimeOnly:0 HLODRelevant:0
 |   |   |- [+] [  1]
 |   |   |   |- Guid:40181411467DBFE9CF7624A51CB11D7F BaseClass:/Game/Rings/CheckpointRings/Rings.Rings_C NativeClass:/Script/Engine.Actor Name:Rings_C_UAID_049226578209F3BC01_1155740462 Label:Rings9 SpatiallyLoaded:1 Bounds:IsValid=true, Min=(X=-3329.044 Y=3338.586 Z=-500.000), Max=(X=-2229.044 Y=4438.586 Z=500.000) RuntimeGrid:None EditorOnly:0 RuntimeOnly:0 HLODRelevant:0 FolderPath:Rings FolderGuid:B3C42CC3463537B7FBF228BF404AD5A6
 |   |   |- [+] [  2]
 |   |   |   |- Guid:E5E9015D42ADD0830141F4AB26E45D7C BaseClass:/Game/Rings/CheckpointRings/Rings.Rings_C NativeClass:/Script/Engine.Actor Name:Rings_C_UAID_049226578209F3BC01_2114589466 Label:Rings13 SpatiallyLoaded:1 Bounds:IsValid=true, Min=(X=83.211 Y=-3034.133 Z=-497.569), Max=(X=1183.211 Y=-1934.133 Z=502.431) RuntimeGrid:None EditorOnly:0 RuntimeOnly:0 HLODRelevant:0 FolderPath:Rings FolderGuid:B3C42CC3463537B7FBF228BF404AD5A6
 |   |   |- [+] [  3]
 |   |   |   |- Guid:1EF1F3C845A3352E0779939F11AA597A BaseClass:/Game/Rings/CheckpointRings/Rings.Rings_C NativeClass:/Script/Engine.Actor Name:Rings_C_UAID_049226578209F3BC01_1151182459 Label:Rings6 SpatiallyLoaded:1 Bounds:IsValid=true, Min=(X=9782.549 Y=406.464 Z=-500.000), Max=(X=10882.549 Y=1506.464 Z=500.000) RuntimeGrid:None EditorOnly:0 RuntimeOnly:0 HLODRelevant:0 FolderPath:Rings FolderGuid:B3C42CC3463537B7FBF228BF404AD5A6
 |   |   |- [+] [  4]
 |   |   |   |- Guid:25E856F042412E1485596BAE8A5ABA38 BaseClass: NativeClass:/Script/Landscape.LandscapeStreamingProxy Name:LandscapeStreamingProxy_BN55SI9ETKGRY904720BQHPG3_1_0_0_0 Label:LandscapeStreamingProxy_0_0_0 SpatiallyLoaded:1 Bounds:IsValid=true, Min=(X=-12600.000 Y=-12600.000 Z=-100.000), Max=(X=0.000 Y=0.000 Z=100.000) RuntimeGrid:None EditorOnly:0 RuntimeOnly:0 HLODRelevant:1
 |   |   |- [+] [  5]
 |   |   |   |- Guid:7FBDFB2F440A6F63EF85C096B5711C3C BaseClass:/Game/Rings/CheckpointRings/Rings.Rings_C NativeClass:/Script/Engine.Actor Name:Rings_C_UAID_049226578209F3BC01_2120310467 Label:Rings14 SpatiallyLoaded:1 Bounds:IsValid=true, Min=(X=-4875.524 Y=-2235.831 Z=-497.466), Max=(X=-3775.524 Y=-1135.831 Z=502.534) RuntimeGrid:None EditorOnly:0 RuntimeOnly:0 HLODRelevant:0 FolderPath:Rings FolderGuid:B3C42CC3463537B7FBF228BF404AD5A6
 |   |   |- [+] [  6]
 |   |   |   |- Guid:6A1C7CE945AD720405A2B8A0CDC31EEA BaseClass: NativeClass:/Script/Engine.WorldDataLayers Name:WorldDataLayers Label:WorldDataLayers-1 SpatiallyLoaded:0 Bounds:IsValid=true, Min=(X=0.000 Y=0.000 Z=0.000), Max=(X=0.000 Y=0.000 Z=0.000) RuntimeGrid:None EditorOnly:0 RuntimeOnly:0 HLODRelevant:0
 |   |   |- [+] [  7]
 |   |   |   |- Guid:75BFE61C4D4C5239D5608AA5A4934DF5 BaseClass:/Game/Rings/CheckpointRings/Rings.Rings_C NativeClass:/Script/Engine.Actor Name:Rings_C_UAID_049226578209F3BC01_2129397472 Label:Rings19 SpatiallyLoaded:1 Bounds:IsValid=true, Min=(X=-9295.975 Y=-8397.763 Z=-497.489), Max=(X=-8195.975 Y=-7297.763 Z=502.511) RuntimeGrid:None EditorOnly:0 RuntimeOnly:0 HLODRelevant:0 FolderPath:Rings FolderGuid:B3C42CC3463537B7FBF228BF404AD5A6
 |   |   |- [+] [  8]
 |   |   |   |- Guid:53C7258943CF749528C764B4D5903760 BaseClass: NativeClass:/Script/Engine.StaticMeshActor Name:StaticMeshActor_5 Label:SM_Cube6 SpatiallyLoaded:1 Bounds:IsValid=true, Min=(X=-12500.001 Y=12500.001 Z=0.000), Max=(X=12599.999 Y=12600.003 Z=300.000) RuntimeGrid:None EditorOnly:0 RuntimeOnly:0 HLODRelevant:1 FolderPath:Landscape FolderGuid:912F765E4714A1DB296369A3E4390900
 |   |   |- [+] [  9]
 |   |   |   |- Guid:6B337CAD4C563049716FB399D124EC3D BaseClass: NativeClass:/Script/Engine.SkyLight Name:SkyLight_1 Label:SkyLight SpatiallyLoaded:0 Bounds:IsValid=true, Min=(X=-12600.000 Y=-12600.000 Z=590.000), Max=(X=-12600.000 Y=-12600.000 Z=590.000) RuntimeGrid:None EditorOnly:0 RuntimeOnly:0 HLODRelevant:0 FolderPath:Lighting FolderGuid:602030AD4CB26C050EF7B98FCA62FBCA
 |   |   |- [+] [ 10]
 |   |   |   |- Guid:72FBA45F474AD6B89F11049FCA83748F BaseClass: NativeClass:/Script/Engine.StaticMeshActor Name:StaticMeshActor_UAID_A4AE111137DC5DFB00_1630210247 Label:SM_SkySphere SpatiallyLoaded:1 Bounds:IsValid=true, Min=(X=-1638400.000 Y=-1638400.000 Z=-1638400.000), Max=(X=1638400.000 Y=1638400.000 Z=1638400.000) RuntimeGrid:None EditorOnly:0 RuntimeOnly:0 HLODRelevant:1 FolderPath:Lighting FolderGuid:602030AD4CB26C050EF7B98FCA62FBCA
 |   |   |- [+] [ 11]
 |   |   |   |- Guid:38208D814AFAC8817F336A820DCCB7F8 BaseClass: NativeClass:/Script/Engine.SplineMeshActor Name:SplineMeshActor_UAID_049226578209ECBC01_2023180242 Label:SplineMeshActor SpatiallyLoaded:1 Bounds:IsValid=true, Min=(X=0.000 Y=0.000 Z=0.000), Max=(X=0.000 Y=0.000 Z=0.000) RuntimeGrid:None EditorOnly:0 RuntimeOnly:0 HLODRelevant:0
 |   |   |- [+] [ 12]
 |   |   |   |- Guid:12213F4D403C2723B21FF78B1AD08D2C BaseClass:/Game/Rings/CheckpointRings/Rings.Rings_C NativeClass:/Script/Engine.Actor Name:Rings_C_UAID_049226578209F3BC01_2125257470 Label:Rings17 SpatiallyLoaded:1 Bounds:IsValid=true, Min=(X=-10390.347 Y=-1460.741 Z=-497.535), Max=(X=-9290.347 Y=-360.741 Z=502.465) RuntimeGrid:None EditorOnly:0 RuntimeOnly:0 HLODRelevant:0 FolderPath:Rings FolderGuid:B3C42CC3463537B7FBF228BF404AD5A6
 |   |   |- [+] [ 13]
 |   |   |   |- Guid:1A70909B45F25B4E1AA4D094E018C2E7 BaseClass: NativeClass:/Script/Engine.StaticMeshActor Name:StaticMeshActor_UAID_04922657820993BC01_2046245559 Label:Cylinder SpatiallyLoaded:1 Bounds:IsValid=true, Min=(X=-5300.000 Y=-8370.000 Z=-35.000), Max=(X=-5200.000 Y=-8270.000 Z=615.000) RuntimeGrid:None EditorOnly:0 RuntimeOnly:0 HLODRelevant:1
 |   |   |- [+] [ 14]
 |   |   |   |- Guid:DB51ECF7439E5272D96AEF83EF77B392 BaseClass: NativeClass:/Script/Landscape.LandscapeStreamingProxy Name:LandscapeStreamingProxy_BN55SI9ETKGRY904720BQHPG3_1_1_1_0 Label:LandscapeStreamingProxy_1_1_0 SpatiallyLoaded:1 Bounds:IsValid=true, Min=(X=0.000 Y=0.000 Z=-100.000), Max=(X=12600.000 Y=12600.000 Z=100.000) RuntimeGrid:None EditorOnly:0 RuntimeOnly:0 HLODRelevant:1
 |   |   |- [+] [ 15]
 |   |   |   |- Guid:BADB0C4C4CE2AFEBE0E228BE26D71AC6 BaseClass: NativeClass:/Script/Landscape.LandscapeStreamingProxy Name:LandscapeStreamingProxy_BN55SI9ETKGRY904720BQHPG3_1_0_1_0 Label:LandscapeStreamingProxy_0_1_0 SpatiallyLoaded:1 Bounds:IsValid=true, Min=(X=-12600.000 Y=0.000 Z=-100.000), Max=(X=0.000 Y=12600.000 Z=100.000) RuntimeGrid:None EditorOnly:0 RuntimeOnly:0 HLODRelevant:1
 |   |   |- [+] [ 16]
 |   |   |   |- Guid:1B9C08E3400E30F4F7522E9A4C9880C6 BaseClass: NativeClass:/Script/Engine.StaticMeshActor Name:StaticMeshActor_0 Label:SM_Cube5 SpatiallyLoaded:1 Bounds:IsValid=true, Min=(X=12500.000 Y=-12600.000 Z=0.000), Max=(X=12600.002 Y=12500.000 Z=300.000) RuntimeGrid:None EditorOnly:0 RuntimeOnly:0 HLODRelevant:1 FolderPath:Landscape FolderGuid:912F765E4714A1DB296369A3E4390900
 |   |   |- [+] [ 17]
 |   |   |   |- Guid:5F564C8043A3ECE87AA1108E5D0359B3 BaseClass: NativeClass:/Script/Engine.StaticMeshActor Name:StaticMeshActor_UAID_04922657820993BC01_2067378560 Label:Cylinder2 SpatiallyLoaded:1 Bounds:IsValid=true, Min=(X=-5300.000 Y=-10310.000 Z=-35.000), Max=(X=-5200.000 Y=-10210.000 Z=615.000) RuntimeGrid:None EditorOnly:0 RuntimeOnly:0 HLODRelevant:1
 |   |   |- [+] [ 18]
 |   |   |   |- Guid:A6ABCCAF4857AE8E40E6228F0FECD123 BaseClass: NativeClass:/Script/Landscape.Landscape Name:Landscape_0 Label:Landscape SpatiallyLoaded:0 Bounds:IsValid=true, Min=(X=-25200.000 Y=-25200.000 Z=0.000), Max=(X=-25200.000 Y=-25200.000 Z=0.000) RuntimeGrid:None EditorOnly:0 RuntimeOnly:0 HLODRelevant:0 FolderPath:Landscape FolderGuid:912F765E4714A1DB296369A3E4390900
 |   |   |- [+] [ 19]
 |   |   |   |- Guid:10447CF14D3F597FF6764EA8622D9624 BaseClass:/Game/Rings/CheckpointRings/Rings.Rings_C NativeClass:/Script/Engine.Actor Name:Rings_C_UAID_049226578209F3BC01_2111902465 Label:Rings12 SpatiallyLoaded:1 Bounds:IsValid=true, Min=(X=5334.876 Y=-2188.571 Z=-497.580), Max=(X=6434.876 Y=-1088.571 Z=502.420) RuntimeGrid:None EditorOnly:0 RuntimeOnly:0 HLODRelevant:0 FolderPath:Rings FolderGuid:B3C42CC3463537B7FBF228BF404AD5A6
 |   |   |- [+] [ 20]
 |   |   |   |- Guid:E848F465432DFB248E22B9BDDF5D8DC7 BaseClass:/Game/Rings/CheckpointRings/Rings.Rings_C NativeClass:/Script/Engine.Actor Name:Rings_C_UAID_049226578209EEBC01_1544785598 Label:Rings2 SpatiallyLoaded:1 Bounds:IsValid=true, Min=(X=-123.811 Y=-10520.000 Z=-470.000), Max=(X=976.189 Y=-9420.000 Z=530.000) RuntimeGrid:None EditorOnly:0 RuntimeOnly:0 HLODRelevant:0 FolderPath:Rings FolderGuid:B3C42CC3463537B7FBF228BF404AD5A6
 |   |   |- [+] [ 21]
 |   |   |   |- Guid:E05052FD4A5748BF59426A92EB495CE6 BaseClass:/Game/Rings/CheckpointRings/Rings.Rings_C NativeClass:/Script/Engine.Actor Name:Rings_C_UAID_049226578209F3BC01_2107940464 Label:Rings11 SpatiallyLoaded:1 Bounds:IsValid=true, Min=(X=5802.535 Y=2527.317 Z=-497.568), Max=(X=6902.535 Y=3627.317 Z=502.432) RuntimeGrid:None EditorOnly:0 RuntimeOnly:0 HLODRelevant:0 FolderPath:Rings FolderGuid:B3C42CC3463537B7FBF228BF404AD5A6
 |   |   |- [+] [ 22]
 |   |   |   |- Guid:CA3C0F6345B2DA9E299ED5BEE611655B BaseClass: NativeClass:/Script/Engine.ExponentialHeightFog Name:ExponentialHeightFog_0 Label:ExponentialHeightFog SpatiallyLoaded:0 Bounds:IsValid=true, Min=(X=-18200.000 Y=-12650.000 Z=-6950.000), Max=(X=-18200.000 Y=-12650.000 Z=-6950.000) RuntimeGrid:None EditorOnly:0 RuntimeOnly:0 HLODRelevant:0 FolderPath:Lighting FolderGuid:602030AD4CB26C050EF7B98FCA62FBCA
 |   |   |- [+] [ 23]
 |   |   |   |- Guid:21188B07490D3865E81115A7716F6B45 BaseClass: NativeClass:/Script/Engine.StaticMeshActor Name:StaticMeshActor_4 Label:SM_Cube4 SpatiallyLoaded:1 Bounds:IsValid=true, Min=(X=-12600.000 Y=-12600.001 Z=0.000), Max=(X=12500.000 Y=-12500.000 Z=300.000) RuntimeGrid:None EditorOnly:0 RuntimeOnly:0 HLODRelevant:1 FolderPath:Landscape FolderGuid:912F765E4714A1DB296369A3E4390900
 |   |   |- [+] [ 24]
 |   |   |   |- Guid:F1FCCDE2491B768D72FA349E71D0EE8E BaseClass:/Game/Rings/CheckpointRings/Rings.Rings_C NativeClass:/Script/Engine.Actor Name:Rings_C_UAID_049226578209F3BC01_2127110471 Label:Rings18 SpatiallyLoaded:1 Bounds:IsValid=true, Min=(X=-10234.007 Y=-5039.799 Z=-497.497), Max=(X=-9134.007 Y=-3939.799 Z=502.503) RuntimeGrid:None EditorOnly:0 RuntimeOnly:0 HLODRelevant:0 FolderPath:Rings FolderGuid:B3C42CC3463537B7FBF228BF404AD5A6
 |   |   |- [+] [ 25]
 |   |   |   |- Guid:EE1E422041E1B7D091B475AB5537394F BaseClass:/Game/Rings/CheckpointRings/Rings.Rings_C NativeClass:/Script/Engine.Actor Name:Rings_C_UAID_049226578209F3BC01_1153970461 Label:Rings8 SpatiallyLoaded:1 Bounds:IsValid=true, Min=(X=-2354.844 Y=8495.946 Z=-500.000), Max=(X=-1254.844 Y=9595.946 Z=500.000) RuntimeGrid:None EditorOnly:0 RuntimeOnly:0 HLODRelevant:0 FolderPath:Rings FolderGuid:B3C42CC3463537B7FBF228BF404AD5A6
 |   |   |- [+] [ 26]
 |   |   |   |- Guid:ABCE01EC4220EF1752589C88C6E79532 BaseClass:/Game/Rings/FinishRing/FinishRing.FinishRing_C NativeClass:/Script/Engine.Actor Name:FinishRing_C_UAID_049226578209E4BC01_1149447819 Label:FinishRing SpatiallyLoaded:1 Bounds:IsValid=true, Min=(X=-550.000 Y=-550.000 Z=-450.000), Max=(X=550.000 Y=550.000 Z=550.000) RuntimeGrid:None EditorOnly:0 RuntimeOnly:0 HLODRelevant:0
 |   |   |- [+] [ 27]
 |   |   |   |- Guid:0DA3C7154B86367189C1D4BD378557A0 BaseClass:/Game/Rings/CheckpointRings/Rings.Rings_C NativeClass:/Script/Engine.Actor Name:Rings_C_UAID_049226578209F3BC01_1152570460 Label:Rings7 SpatiallyLoaded:1 Bounds:IsValid=true, Min=(X=7222.725 Y=8823.008 Z=-500.000), Max=(X=8322.725 Y=9923.008 Z=500.000) RuntimeGrid:None EditorOnly:0 RuntimeOnly:0 HLODRelevant:0 FolderPath:Rings FolderGuid:B3C42CC3463537B7FBF228BF404AD5A6
 |   |   |- [+] [ 28]
 |   |   |   |- Guid:540E0C26400CDC715D141389BE6A7BCE BaseClass:/Game/Rings/CheckpointRings/Rings.Rings_C NativeClass:/Script/Engine.Actor Name:Rings_C_UAID_049226578209F3BC01_2121686468 Label:Rings15 SpatiallyLoaded:1 Bounds:IsValid=true, Min=(X=-6684.835 Y=2738.006 Z=-497.563), Max=(X=-5584.835 Y=3838.006 Z=502.437) RuntimeGrid:None EditorOnly:0 RuntimeOnly:0 HLODRelevant:0 FolderPath:Rings FolderGuid:B3C42CC3463537B7FBF228BF404AD5A6
 |   |   |- [+] [ 29]
 |   |   |   |- Guid:EB2705AD48D5C384F8E1AD9BD477FDBC BaseClass:/Game/Rings/CheckpointRings/Rings.Rings_C NativeClass:/Script/Engine.Actor Name:Rings_C_UAID_049226578209F3BC01_2123563469 Label:Rings16 SpatiallyLoaded:1 Bounds:IsValid=true, Min=(X=-10210.472 Y=2314.759 Z=-497.562), Max=(X=-9110.472 Y=3414.759 Z=502.438) RuntimeGrid:None EditorOnly:0 RuntimeOnly:0 HLODRelevant:0 FolderPath:Rings FolderGuid:B3C42CC3463537B7FBF228BF404AD5A6
 |   |   |- [+] [ 30]
 |   |   |   |- Guid:FD06D98F4BDE1A797FF3D0AA6658BD2E BaseClass: NativeClass:/Script/Engine.TextRenderActor Name:TextRenderActor_1 Label:TextRenderActor SpatiallyLoaded:1 Bounds:IsValid=true, Min=(X=-12610.004 Y=-661.458 Z=70.598), Max=(X=-12609.996 Y=661.619 Z=270.598) RuntimeGrid:None EditorOnly:0 RuntimeOnly:0 HLODRelevant:0
 |   |   |- [+] [ 31]
 |   |   |   |- Guid:394B422540B841250E13239FD18BF732 BaseClass:/Game/Rings/CheckpointRings/Rings.Rings_C NativeClass:/Script/Engine.Actor Name:Rings_C_UAID_049226578209F3BC01_2089379463 Label:Rings10 SpatiallyLoaded:1 Bounds:IsValid=true, Min=(X=1712.545 Y=3318.063 Z=-497.567), Max=(X=2812.545 Y=4418.063 Z=502.433) RuntimeGrid:None EditorOnly:0 RuntimeOnly:0 HLODRelevant:0 FolderPath:Rings FolderGuid:B3C42CC3463537B7FBF228BF404AD5A6
 |   |   |- [+] [ 32]
 |   |   |   |- Guid:D5CE1A3946843967B0D1A493A9ED5CF6 BaseClass: NativeClass:/Script/Engine.PostProcessVolume Name:PostProcessVolume_0 Label:PostProcessVolume SpatiallyLoaded:0 Bounds:IsValid=true, Min=(X=-12600.000 Y=-12600.000 Z=300.000), Max=(X=-12400.000 Y=-12400.000 Z=500.000) RuntimeGrid:None EditorOnly:0 RuntimeOnly:0 HLODRelevant:0 FolderPath:Lighting FolderGuid:602030AD4CB26C050EF7B98FCA62FBCA
 |   |   |- [+] [ 33]
 |   |   |   |- Guid:6C62788144E17A979226A4BA49BE9805 BaseClass: NativeClass:/Script/Landscape.LandscapeSplineActor Name:LandscapeSplineActor_0 Label:LandscapeSplineActor SpatiallyLoaded:1 Bounds:IsValid=true, Min=(X=-12285.941 Y=-11292.042 Z=-125.084), Max=(X=12264.775 Y=11401.982 Z=875.049) RuntimeGrid:None EditorOnly:0 RuntimeOnly:0 HLODRelevant:1
 |   |   |- [+] [ 34]
 |   |   |   |- Guid:171313D0407C3F64D2D4B296EC558C63 BaseClass: NativeClass:/Script/Landscape.LandscapeStreamingProxy Name:LandscapeStreamingProxy_BN55SI9ETKGRY904720BQHPG3_1_1_0_0 Label:LandscapeStreamingProxy_1_0_0 SpatiallyLoaded:1 Bounds:IsValid=true, Min=(X=0.000 Y=-12600.000 Z=-100.000), Max=(X=12600.000 Y=0.000 Z=100.000) RuntimeGrid:None EditorOnly:0 RuntimeOnly:0 HLODRelevant:1
 |   |   |- [+] [ 35]
 |   |   |   |- Guid:454EB4C24FBCC5CC6F4423B07EF65596 BaseClass:/Game/Rings/CheckpointRings/Rings.Rings_C NativeClass:/Script/Engine.Actor Name:Rings_C_UAID_049226578209EEBC01_1523512597 Label:Rings SpatiallyLoaded:1 Bounds:IsValid=true, Min=(X=-2970.000 Y=-9770.000 Z=-420.000), Max=(X=-1870.000 Y=-8670.000 Z=580.000) RuntimeGrid:None EditorOnly:0 RuntimeOnly:0 HLODRelevant:0 FolderPath:Rings FolderGuid:B3C42CC3463537B7FBF228BF404AD5A6
 |   |   |- [+] [ 36]
 |   |   |   |- Guid:CA25FC0545BCB151181DECAF62149EA4 BaseClass:/Game/Rings/CheckpointRings/Rings.Rings_C NativeClass:/Script/Engine.Actor Name:Rings_C_UAID_049226578209F3BC01_1143792456 Label:Rings3 SpatiallyLoaded:1 Bounds:IsValid=true, Min=(X=2994.146 Y=-9010.000 Z=-500.000), Max=(X=4094.146 Y=-7910.000 Z=500.000) RuntimeGrid:None EditorOnly:0 RuntimeOnly:0 HLODRelevant:0 FolderPath:Rings FolderGuid:B3C42CC3463537B7FBF228BF404AD5A6
 |   |   |- [+] [ 37]
 |   |   |   |- Guid:E161EDF84FA593D01A0A1FB4E09F2D98 BaseClass:/Game/Rings/CheckpointRings/Rings.Rings_C NativeClass:/Script/Engine.Actor Name:Rings_C_UAID_049226578209F3BC01_1145473457 Label:Rings4 SpatiallyLoaded:1 Bounds:IsValid=true, Min=(X=6960.085 Y=-9658.402 Z=-500.000), Max=(X=8060.085 Y=-8558.402 Z=500.000) RuntimeGrid:None EditorOnly:0 RuntimeOnly:0 HLODRelevant:0 FolderPath:Rings FolderGuid:B3C42CC3463537B7FBF228BF404AD5A6
 |   |   |- [+] [ 38]
 |   |   |   |- Guid:A5D6E6BB46BAC15E6D356990E1F7F480 BaseClass: NativeClass:/Script/Engine.DirectionalLight Name:DirectionalLight_0 Label:DirectionalLight SpatiallyLoaded:0 Bounds:IsValid=true, Min=(X=-4398046511104.000 Y=-4398046511104.000 Z=-4398046511104.000), Max=(X=4398046511104.000 Y=4398046511104.000 Z=4398046511104.000) RuntimeGrid:None EditorOnly:0 RuntimeOnly:0 HLODRelevant:0 FolderPath:Lighting FolderGuid:602030AD4CB26C050EF7B98FCA62FBCA
 |   |   |- [+] [ 39]
 |   |   |   |- Guid:792164FE4D85B78C5D0DE5BE2EE8CD05 BaseClass: NativeClass:/Script/Engine.StaticMeshActor Name:StaticMeshActor_6 Label:SM_Cube7 SpatiallyLoaded:1 Bounds:IsValid=true, Min=(X=-12600.003 Y=-12500.001 Z=0.000), Max=(X=-12500.001 Y=12599.999 Z=300.000) RuntimeGrid:None EditorOnly:0 RuntimeOnly:0 HLODRelevant:1 FolderPath:Landscape FolderGuid:912F765E4714A1DB296369A3E4390900
 |   |   |- [+] [ 40]
 |   |   |   |- Guid:3E985BD4428FB39ACA77C5BE1B856B9B BaseClass:/Game/VehicleTemplate/Blueprints/SportsCar/SportsCar_Pawn.SportsCar_Pawn_C NativeClass:/Script/ChaosVehicles.WheeledVehiclePawn Name:SportsCar_Pawn_C_UAID_04922657820940BD01_2027651007 Label:SportsCar_Pawn SpatiallyLoaded:1 Bounds:IsValid=true, Min=(X=-3537.544 Y=-9888.389 Z=-1501.431), Max=(X=-3066.443 Y=-9627.088 Z=-1365.454) RuntimeGrid:None EditorOnly:0 RuntimeOnly:0 HLODRelevant:0
 |   |   |- [+] [ 41]
 |   |   |   |- Guid:B51EA22B4FCF05432B129A99B9870F8E BaseClass:/Game/Rings/CheckpointRings/Rings.Rings_C NativeClass:/Script/Engine.Actor Name:Rings_C_UAID_049226578209F3BC01_1147570458 Label:Rings5 SpatiallyLoaded:1 Bounds:IsValid=true, Min=(X=9649.685 Y=-5951.560 Z=-500.000), Max=(X=10749.685 Y=-4851.560 Z=500.000) RuntimeGrid:None EditorOnly:0 RuntimeOnly:0 HLODRelevant:0 FolderPath:Rings FolderGuid:B3C42CC3463537B7FBF228BF404AD5A6
 |   |   |- [+] [ 42]
 |   |   |   |- Guid:AB3D653A48C4F01FAA4F39A2698C3518 BaseClass: NativeClass:/Script/Engine.SkyAtmosphere Name:SkyAtmosphere_0 Label:SkyAtmosphere SpatiallyLoaded:0 Bounds:IsValid=true, Min=(X=-12600.000 Y=-12600.000 Z=920.000), Max=(X=-12600.000 Y=-12600.000 Z=920.000) RuntimeGrid:None EditorOnly:0 RuntimeOnly:0 HLODRelevant:0 FolderPath:Lighting FolderGuid:602030AD4CB26C050EF7B98FCA62FBCA
 |   |   |- [+] [ 43]
 |   |   |   |- Guid:84596A014154FD476428F6B16B6E26E3 BaseClass:/Game/Rings/FinishRing/FinishRing.FinishRing_C NativeClass:/Script/Engine.Actor Name:FinishRing_C_UAID_04922657820946BD01_1254299063 Label:FinishRing2 SpatiallyLoaded:1 Bounds:IsValid=true, Min=(X=-7247.292 Y=-9716.579 Z=-447.536), Max=(X=-6147.292 Y=-8616.579 Z=552.464) RuntimeGrid:None EditorOnly:0 RuntimeOnly:0 HLODRelevant:0
 |- ContainerInstances:
 |- [+] MainContainer:
 |   |-        ID: 0x0000000000000000
 |   |-    Bounds: IsValid=false, Min=(X=0.000 Y=0.000 Z=0.000), Max=(X=0.000 Y=0.000 Z=0.000)
 |   |- Transform: 0.000000,0.000000,0.000000|0.000000,0.000000,-0.000000|1.000000,1.000000,1.000000
 |   |- Container: /Game/VehicleTemplate/Maps/VehicleExampleMap
----------------------------------------------------------------------------------------------------------------
VehicleExampleMap - Persistent Level
----------------------------------------------------------------------------------------------------------------
Always loaded Actor Count: 52 

----------------------------------------------------------------------------------------------------------------
VehicleExampleMap - Runtime Spatial Hash - Streaming Grid - MainGrid
----------------------------------------------------------------------------------------------------------------
            Origin: X=0.000 Y=0.000 Z=0.000
         Cell Size: 12800
      World Bounds: IsValid=false, Min=(X=0.000 Y=0.000 Z=0.000), Max=(X=0.000 Y=0.000 Z=0.000)
     Loading Range: 25600.00
Block Slow Loading: No
 ClientOnlyVisible: No

[+] Grid Levels: 1
 |- Level  0: Cell Count    0 | Cell Size   12800 | Actor Count    0 (0.0%)

[+] Content of Grid Level 0

